<?xml version="1.0" encoding="UTF-8"?>
<!-- Generated by org.testng.reporters.JUnitReportReporter -->
<testsuite hostname="DESKTOP-H6IDBHN" failures="0" tests="2" name="cucumberOptions.testRunner" time="31.094" errors="0" timestamp="2021-08-07T21:31:08 IST" skipped="0">
  <testcase classname="cucumberOptions.testRunner" name="runScenario" time="13.345"/>
  <system-out/>
  <testcase classname="cucumberOptions.testRunner" name="runScenario" time="17.749"/>
  <system-out/>
</testsuite> <!-- cucumberOptions.testRunner -->
