<?xml version="1.0" encoding="UTF-8"?>
<!-- Generated by org.testng.reporters.JUnitReportReporter -->
<testsuite hostname="DESKTOP-H6IDBHN" failures="0" tests="2" name="HybridFramework.E2Eproject.HomePageTest" time="51.553" errors="0" timestamp="2021-07-22T22:04:11 IST" skipped="0">
  <testcase classname="HybridFramework.E2Eproject.HomePageTest" name="basePageNavigation" time="12.878"/>
  <system-out/>
  <testcase classname="HybridFramework.E2Eproject.HomePageTest" name="basePageNavigation" time="38.675"/>
  <system-out/>
</testsuite> <!-- HybridFramework.E2Eproject.HomePageTest -->
