<?xml version="1.0" encoding="UTF-8"?>
<!-- Generated by org.testng.reporters.JUnitReportReporter -->
<testsuite hostname="DESKTOP-H6IDBHN" failures="0" tests="1" name="HybridFramework.E2Eproject.CoursesTest" time="2.933" errors="0" timestamp="2021-07-22T21:12:14 IST" skipped="0">
  <testcase classname="HybridFramework.E2Eproject.CoursesTest" name="totalCourses" time="2.933"/>
  <system-out/>
</testsuite> <!-- HybridFramework.E2Eproject.CoursesTest -->
