<?xml version="1.0" encoding="UTF-8"?>
<!-- Generated by org.testng.reporters.JUnitReportReporter -->
<testsuite hostname="DESKTOP-H6IDBHN" failures="0" tests="1" name="HybridFramework.E2Eproject.HomePage" time="12.133" errors="0" timestamp="2021-07-19T22:56:11 IST" skipped="0">
  <testcase classname="HybridFramework.E2Eproject.HomePage" name="basePageNavigation" time="12.133"/>
  <system-out/>
</testsuite> <!-- HybridFramework.E2Eproject.HomePage -->
