<?xml version="1.0" encoding="UTF-8"?>
<!-- Generated by org.testng.reporters.JUnitReportReporter -->
<testsuite hostname="DESKTOP-H6IDBHN" failures="0" tests="1" name="HybridFramework.E2Eproject.validateTest" time="0.086" errors="0" timestamp="2021-07-22T21:17:54 IST" skipped="0">
  <testcase classname="HybridFramework.E2Eproject.validateTest" name="validateTitle" time="0.086"/>
  <system-out/>
</testsuite> <!-- HybridFramework.E2Eproject.validateTest -->
